<?xml version="1.0" encoding="UTF-8"?>
<!-- Generated by org.testng.reporters.JUnitXMLReporter -->
<testsuite hostname="Admin" ignored="0" name="DemoTest " tests="4" failures="2" timestamp="31 Oct 2020 22:39:40 GMT" time="178.4" errors="0">
  <testcase name="loginTest" time="17.716" classname="com.gmail.testCases.TC_LoginTest_001"/>
  <testcase name="loginTest" time="18.872" classname="com.gmail.testCases.TC_LoginTest_001">
    <failure type="java.lang.Error" message="Unresolved compilation problem: 
	The type TestListener must implement the inherited abstract method ITestListener.onTestSuccess(ITestResult)
">
      <![CDATA[java.lang.Error: Unresolved compilation problem: 
The type TestListener must implement the inherited abstract method ITestListener.onTestSuccess(ITestResult)

at com.gmail.ReportConfiguration.TestListener.onTestSuccess(TestListener.java:24)
... Removed 22 stack frames]]>
    </failure>
  </testcase> <!-- loginTest -->
  <testcase name="loginTestNew" time="40.654" classname="com.gmail.testCases.TC_LoginTest_001"/>
  <testcase name="loginTestNew" time="40.658" classname="com.gmail.testCases.TC_LoginTest_001">
    <failure type="java.lang.Error" message="Unresolved compilation problem: 
	The type TestListener must implement the inherited abstract method ITestListener.onTestSuccess(ITestResult)
">
      <![CDATA[java.lang.Error: Unresolved compilation problem: 
The type TestListener must implement the inherited abstract method ITestListener.onTestSuccess(ITestResult)

at com.gmail.ReportConfiguration.TestListener.onTestSuccess(TestListener.java:24)
... Removed 22 stack frames]]>
    </failure>
  </testcase> <!-- loginTestNew -->
</testsuite> <!-- DemoTest  -->
